QUERY:
    SELECT `id,name`
    FROM `catalog`
    WHERE `active` = 1

Unknown column 'id,name' in 'field list'
file: C:\OpenServer\domains\childrensdream.com.ua.local\modules\static\main.php
line: 11
date: 2016-01-02 12:35:58
===================================

QUERY:
    SELECT `id,name`
    FROM `catalog`
    WHERE `active` = 1

Unknown column 'id,name' in 'field list'
file: C:\OpenServer\domains\childrensdream.com.ua.local\modules\static\main.php
line: 11
date: 2016-01-02 12:46:15
===================================

QUERY:
    SELECT `id`,`name`,`price`,`annons_photo`
    FROM `catalog`
    WHERE `active` = 1

Unknown column 'annons_photo' in 'field list'
file: C:\OpenServer\domains\childrensdream.com.ua.local\modules\static\main.php
line: 11
date: 2016-01-02 12:47:46
===================================

